<?xml version="1.0" encoding="UTF-8"?>
<!-- Generated by org.testng.reporters.JUnitReportReporter -->
<testsuite skipped="0" hostname="Priyanka-QA" name="selenium_assignment.task1" tests="5" failures="0" timestamp="14 Oct 2019 06:18:01 GMT" time="15.023" errors="0">
  <testcase name="printHeightWidth" time="0.279" classname="selenium_assignment.task1"/>
  <testcase name="getTwitterHref" time="0.050" classname="selenium_assignment.task1"/>
  <testcase name="clickCart" time="1.145" classname="selenium_assignment.task1"/>
  <testcase name="assertCart" time="3.809" classname="selenium_assignment.task1"/>
  <testcase name="addCart" time="9.740" classname="selenium_assignment.task1"/>
</testsuite> <!-- selenium_assignment.task1 -->
