<?xml version="1.0" encoding="UTF-8"?>
<!-- Generated by org.testng.reporters.JUnitReportReporter -->
<testsuite skipped="0" hostname="Priyanka-QA" name="selenium_assignment.task6" tests="1" failures="0" timestamp="14 Oct 2019 09:42:36 GMT" time="6.484" errors="0">
  <testcase name="useProduct1" time="6.484" classname="selenium_assignment.task6"/>
</testsuite> <!-- selenium_assignment.task6 -->
