<?xml version="1.0" encoding="UTF-8"?>
<!-- Generated by org.testng.reporters.JUnitReportReporter -->
<testsuite skipped="0" hostname="Priyanka-QA" name="Selenium_Assignment1.task1" tests="2" failures="0" timestamp="09 Oct 2019 10:05:56 GMT" time="0.358" errors="0">
  <testcase name="printHeightWidth" time="0.032" classname="Selenium_Assignment1.task1"/>
  <testcase name="getTwitterHref" time="0.326" classname="Selenium_Assignment1.task1"/>
</testsuite> <!-- Selenium_Assignment1.task1 -->
