<?xml version="1.0" encoding="UTF-8"?>
<!-- Generated by org.testng.reporters.JUnitReportReporter -->
<testsuite skipped="0" hostname="Priyanka-QA" name="selenium_assignment.task6" tests="3" failures="0" timestamp="14 Oct 2019 06:19:01 GMT" time="20.284" errors="0">
  <testcase name="useProduct2" time="6.810" classname="selenium_assignment.task6"/>
  <testcase name="useProduct3" time="6.800" classname="selenium_assignment.task6"/>
  <testcase name="useProduct1" time="6.674" classname="selenium_assignment.task6"/>
</testsuite> <!-- selenium_assignment.task6 -->
